[13:15:40] [Server thread/INFO]: Starting minecraft server version 1.8.8
[13:15:40] [Server thread/INFO]: Loading properties
[13:15:40] [Server thread/INFO]: Default game type: SURVIVAL
[13:15:40] [Server thread/INFO]: This server is running CraftBukkit version git-PaperSpigot-445 (MC: 1.8.8) (Implementing API version 1.8.8-R0.1-SNAPSHOT)
[13:15:40] [Server thread/INFO]: Debug logging is disabled
[13:15:40] [Server thread/INFO]: Spigot Timings: true - Verbose: true - Interval: 5m - Length: 60m
[13:15:40] [Server thread/INFO]: Server Ping Player Sample Count: 12

[13:15:40] [Server thread/INFO]: Using 4 threads for Netty based IO
[13:15:40] [Server thread/INFO]: Data value allowed items: 
[13:15:40] [Server thread/WARN]: java.lang.NoSuchFieldException: modifiers

[13:15:40] [Server thread/WARN]: 	at java.base/java.lang.Class.getDeclaredField(Class.java:2782)

[13:15:40] [Server thread/WARN]: 	at org.github.paperspigot.PaperSpigotConfig.stackableBuckets(PaperSpigotConfig.java:192)

[13:15:40] [Server thread/WARN]: 	at java.base/jdk.internal.reflect.DirectMethodHandleAccessor.invoke(DirectMethodHandleAccessor.java:103)

[13:15:40] [Server thread/WARN]: 	at java.base/java.lang.reflect.Method.invoke(Method.java:580)

[13:15:40] [Server thread/WARN]: 	at org.github.paperspigot.PaperSpigotConfig.readConfig(PaperSpigotConfig.java:84)

[13:15:40] [Server thread/WARN]: 	at org.github.paperspigot.PaperSpigotConfig.init(PaperSpigotConfig.java:62)

[13:15:40] [Server thread/WARN]: 	at net.minecraft.server.v1_8_R3.DedicatedServer.init(DedicatedServer.java:181)

[13:15:40] [Server thread/WARN]: 	at net.minecraft.server.v1_8_R3.MinecraftServer.run(MinecraftServer.java:563)

[13:15:40] [Server thread/WARN]: 	at java.base/java.lang.Thread.run(Thread.java:1583)

[13:15:40] [Server thread/INFO]: Generating keypair
[13:15:40] [Server thread/INFO]: Starting Minecraft server on localhost:25565
[13:15:40] [Server thread/INFO]: Your platform does not provide complete low-level API for accessing direct buffers reliably. Unless explicitly requested, heap buffer will always be preferred to avoid potential system unstability.
[13:15:40] [Server thread/INFO]: Using default channel type
[13:15:40] [Server thread/WARN]: **** SERVER IS RUNNING IN OFFLINE/INSECURE MODE!
[13:15:40] [Server thread/WARN]: The server will make no attempt to authenticate usernames. Beware.
[13:15:40] [Server thread/WARN]: Whilst this makes it possible to use BungeeCord, unless access to your server is properly restricted, it also opens up the ability for hackers to connect with any username they choose.
[13:15:40] [Server thread/WARN]: Please see http://www.spigotmc.org/wiki/firewall-guide/ for further information.
[13:15:40] [Server thread/WARN]: To change this, set "online-mode" to "true" in the server.properties file.
[13:15:40] [Server thread/INFO]: **** Beginning UUID conversion, this may take A LONG time ****
[13:15:40] [Server thread/INFO]: Preparing level "world"
[13:15:40] [Server thread/INFO]: -------- World Settings For [world] --------
[13:15:40] [Server thread/INFO]: Mob Spawn Range: 4
[13:15:40] [Server thread/INFO]: Anti X-Ray: true
[13:15:40] [Server thread/INFO]: 	Engine Mode: 1
[13:15:40] [Server thread/INFO]: 	Hidden Blocks: [14, 15, 16, 21, 48, 49, 54, 56, 73, 74, 82, 129, 130]
[13:15:40] [Server thread/INFO]: 	Replace Blocks: [1, 5]
[13:15:40] [Server thread/INFO]: Nerfing mobs spawned from spawners: false
[13:15:40] [Server thread/INFO]: Cactus Growth Modifier: 100%
[13:15:40] [Server thread/INFO]: Cane Growth Modifier: 100%
[13:15:40] [Server thread/INFO]: Melon Growth Modifier: 100%
[13:15:40] [Server thread/INFO]: Mushroom Growth Modifier: 100%
[13:15:40] [Server thread/INFO]: Pumpkin Growth Modifier: 100%
[13:15:40] [Server thread/INFO]: Sapling Growth Modifier: 100%
[13:15:40] [Server thread/INFO]: Wheat Growth Modifier: 100%
[13:15:40] [Server thread/INFO]: NetherWart Growth Modifier: 100%
[13:15:40] [Server thread/INFO]: Entity Activation Range: An 32 / Mo 32 / Mi 16
[13:15:40] [Server thread/INFO]: Entity Tracking Range: Pl 48 / An 48 / Mo 48 / Mi 32 / Other 64
[13:15:40] [Server thread/INFO]: Hopper Transfer: 8 Hopper Check: 8 Hopper Amount: 1
[13:15:40] [Server thread/INFO]: Random Lighting Updates: false
[13:15:40] [Server thread/INFO]: Structure Info Saving: true
[13:15:40] [Server thread/INFO]: Sending up to 10 chunks per packet
[13:15:40] [Server thread/INFO]: Max Entity Collisions: 8
[13:15:40] [Server thread/INFO]: Custom Map Seeds:  Village: 10387312 Feature: 14357617
[13:15:40] [Server thread/INFO]: Max TNT Explosions: 100
[13:15:40] [Server thread/INFO]: Tile Max Tick Time: 50ms Entity max Tick Time: 50ms
[13:15:40] [Server thread/INFO]: Item Despawn Rate: 6000
[13:15:40] [Server thread/INFO]: Item Merge Radius: 2.5
[13:15:40] [Server thread/INFO]: View Distance: 4
[13:15:40] [Server thread/INFO]: Arrow Despawn Rate: 1200
[13:15:40] [Server thread/INFO]: Allow Zombie Pigmen to spawn from portal blocks: true
[13:15:40] [Server thread/INFO]: Zombie Aggressive Towards Villager: true
[13:15:40] [Server thread/INFO]: Chunks to Grow per Tick: 650
[13:15:40] [Server thread/INFO]: Clear tick list: false
[13:15:40] [Server thread/INFO]: Experience Merge Radius: 3.0
[13:15:40] [Server thread/INFO]: -------- World Settings For [world] --------
[13:15:40] [Server thread/INFO]: Squids will spawn between Y: 45.0 and Y: 63.0
[13:15:40] [Server thread/INFO]: Max height for cactus growth 50. Max height for reed growth 10
[13:15:40] [Server thread/INFO]: Living Entity Despawn Ranges:  Soft: 32 Hard: 128
[13:15:40] [Server thread/INFO]: Remove invalid mob spawner tile entities: true
[13:15:40] [Server thread/INFO]: Player blocking damage multiplier set to 0.5
[13:15:40] [Server thread/INFO]: Water over lava flow speed: 5
[13:15:40] [Server thread/INFO]: Fix TNT cannons: false
[13:15:40] [Server thread/INFO]: Allow undead horse types to be leashed: false
[13:15:40] [Server thread/INFO]: Keep spawn chunk loaded: true
[13:15:40] [Server thread/INFO]: World async lighting: false
[13:15:40] [Server thread/INFO]: WorldServer TickNextTick cap set at 10000
[13:15:40] [Server thread/INFO]: WorldServer TickNextTickList cap always processes redstone: false
[13:15:41] [Server thread/INFO]: -------- World Settings For [world_nether] --------
[13:15:41] [Server thread/INFO]: Mob Spawn Range: 4
[13:15:41] [Server thread/INFO]: Anti X-Ray: true
[13:15:41] [Server thread/INFO]: 	Engine Mode: 1
[13:15:41] [Server thread/INFO]: 	Hidden Blocks: [14, 15, 16, 21, 48, 49, 54, 56, 73, 74, 82, 129, 130]
[13:15:41] [Server thread/INFO]: 	Replace Blocks: [1, 5]
[13:15:41] [Server thread/INFO]: Nerfing mobs spawned from spawners: false
[13:15:41] [Server thread/INFO]: Cactus Growth Modifier: 100%
[13:15:41] [Server thread/INFO]: Cane Growth Modifier: 100%
[13:15:41] [Server thread/INFO]: Melon Growth Modifier: 100%
[13:15:41] [Server thread/INFO]: Mushroom Growth Modifier: 100%
[13:15:41] [Server thread/INFO]: Pumpkin Growth Modifier: 100%
[13:15:41] [Server thread/INFO]: Sapling Growth Modifier: 100%
[13:15:41] [Server thread/INFO]: Wheat Growth Modifier: 100%
[13:15:41] [Server thread/INFO]: NetherWart Growth Modifier: 100%
[13:15:41] [Server thread/INFO]: Entity Activation Range: An 32 / Mo 32 / Mi 16
[13:15:41] [Server thread/INFO]: Entity Tracking Range: Pl 48 / An 48 / Mo 48 / Mi 32 / Other 64
[13:15:41] [Server thread/INFO]: Hopper Transfer: 8 Hopper Check: 8 Hopper Amount: 1
[13:15:41] [Server thread/INFO]: Random Lighting Updates: false
[13:15:41] [Server thread/INFO]: Structure Info Saving: true
[13:15:41] [Server thread/INFO]: Sending up to 10 chunks per packet
[13:15:41] [Server thread/INFO]: Max Entity Collisions: 8
[13:15:41] [Server thread/INFO]: Custom Map Seeds:  Village: 10387312 Feature: 14357617
[13:15:41] [Server thread/INFO]: Max TNT Explosions: 100
[13:15:41] [Server thread/INFO]: Tile Max Tick Time: 50ms Entity max Tick Time: 50ms
[13:15:41] [Server thread/INFO]: Item Despawn Rate: 6000
[13:15:41] [Server thread/INFO]: Item Merge Radius: 2.5
[13:15:41] [Server thread/INFO]: View Distance: 4
[13:15:41] [Server thread/INFO]: Arrow Despawn Rate: 1200
[13:15:41] [Server thread/INFO]: Allow Zombie Pigmen to spawn from portal blocks: true
[13:15:41] [Server thread/INFO]: Zombie Aggressive Towards Villager: true
[13:15:41] [Server thread/INFO]: Chunks to Grow per Tick: 650
[13:15:41] [Server thread/INFO]: Clear tick list: false
[13:15:41] [Server thread/INFO]: Experience Merge Radius: 3.0
[13:15:41] [Server thread/INFO]: -------- World Settings For [world_nether] --------
[13:15:41] [Server thread/INFO]: Squids will spawn between Y: 45.0 and Y: 63.0
[13:15:41] [Server thread/INFO]: Max height for cactus growth 50. Max height for reed growth 10
[13:15:41] [Server thread/INFO]: Living Entity Despawn Ranges:  Soft: 32 Hard: 128
[13:15:41] [Server thread/INFO]: Remove invalid mob spawner tile entities: true
[13:15:41] [Server thread/INFO]: Player blocking damage multiplier set to 0.5
[13:15:41] [Server thread/INFO]: Water over lava flow speed: 5
[13:15:41] [Server thread/INFO]: Fix TNT cannons: false
[13:15:41] [Server thread/INFO]: Allow undead horse types to be leashed: false
[13:15:41] [Server thread/INFO]: Keep spawn chunk loaded: true
[13:15:41] [Server thread/INFO]: World async lighting: false
[13:15:41] [Server thread/INFO]: WorldServer TickNextTick cap set at 10000
[13:15:41] [Server thread/INFO]: WorldServer TickNextTickList cap always processes redstone: false
[13:15:41] [Server thread/INFO]: -------- World Settings For [world_the_end] --------
[13:15:41] [Server thread/INFO]: Mob Spawn Range: 4
[13:15:41] [Server thread/INFO]: Anti X-Ray: true
[13:15:41] [Server thread/INFO]: 	Engine Mode: 1
[13:15:41] [Server thread/INFO]: 	Hidden Blocks: [14, 15, 16, 21, 48, 49, 54, 56, 73, 74, 82, 129, 130]
[13:15:41] [Server thread/INFO]: 	Replace Blocks: [1, 5]
[13:15:41] [Server thread/INFO]: Nerfing mobs spawned from spawners: false
[13:15:41] [Server thread/INFO]: Cactus Growth Modifier: 100%
[13:15:41] [Server thread/INFO]: Cane Growth Modifier: 100%
[13:15:41] [Server thread/INFO]: Melon Growth Modifier: 100%
[13:15:41] [Server thread/INFO]: Mushroom Growth Modifier: 100%
[13:15:41] [Server thread/INFO]: Pumpkin Growth Modifier: 100%
[13:15:41] [Server thread/INFO]: Sapling Growth Modifier: 100%
[13:15:41] [Server thread/INFO]: Wheat Growth Modifier: 100%
[13:15:41] [Server thread/INFO]: NetherWart Growth Modifier: 100%
[13:15:41] [Server thread/INFO]: Entity Activation Range: An 32 / Mo 32 / Mi 16
[13:15:41] [Server thread/INFO]: Entity Tracking Range: Pl 48 / An 48 / Mo 48 / Mi 32 / Other 64
[13:15:41] [Server thread/INFO]: Hopper Transfer: 8 Hopper Check: 8 Hopper Amount: 1
[13:15:41] [Server thread/INFO]: Random Lighting Updates: false
[13:15:41] [Server thread/INFO]: Structure Info Saving: true
[13:15:41] [Server thread/INFO]: Sending up to 10 chunks per packet
[13:15:41] [Server thread/INFO]: Max Entity Collisions: 8
[13:15:41] [Server thread/INFO]: Custom Map Seeds:  Village: 10387312 Feature: 14357617
[13:15:41] [Server thread/INFO]: Max TNT Explosions: 100
[13:15:41] [Server thread/INFO]: Tile Max Tick Time: 50ms Entity max Tick Time: 50ms
[13:15:41] [Server thread/INFO]: Item Despawn Rate: 6000
[13:15:41] [Server thread/INFO]: Item Merge Radius: 2.5
[13:15:41] [Server thread/INFO]: View Distance: 4
[13:15:41] [Server thread/INFO]: Arrow Despawn Rate: 1200
[13:15:41] [Server thread/INFO]: Allow Zombie Pigmen to spawn from portal blocks: true
[13:15:41] [Server thread/INFO]: Zombie Aggressive Towards Villager: true
[13:15:41] [Server thread/INFO]: Chunks to Grow per Tick: 650
[13:15:41] [Server thread/INFO]: Clear tick list: false
[13:15:41] [Server thread/INFO]: Experience Merge Radius: 3.0
[13:15:41] [Server thread/INFO]: -------- World Settings For [world_the_end] --------
[13:15:41] [Server thread/INFO]: Squids will spawn between Y: 45.0 and Y: 63.0
[13:15:41] [Server thread/INFO]: Max height for cactus growth 50. Max height for reed growth 10
[13:15:41] [Server thread/INFO]: Living Entity Despawn Ranges:  Soft: 32 Hard: 128
[13:15:41] [Server thread/INFO]: Remove invalid mob spawner tile entities: true
[13:15:41] [Server thread/INFO]: Player blocking damage multiplier set to 0.5
[13:15:41] [Server thread/INFO]: Water over lava flow speed: 5
[13:15:41] [Server thread/INFO]: Fix TNT cannons: false
[13:15:41] [Server thread/INFO]: Allow undead horse types to be leashed: false
[13:15:41] [Server thread/INFO]: Keep spawn chunk loaded: true
[13:15:41] [Server thread/INFO]: World async lighting: false
[13:15:41] [Server thread/INFO]: WorldServer TickNextTick cap set at 10000
[13:15:41] [Server thread/INFO]: WorldServer TickNextTickList cap always processes redstone: false
[13:15:41] [Server thread/INFO]: Preparing start region for level 0 (Seed: 7563189628554396294)
[13:15:42] [Server thread/INFO]: Preparing spawn area: 84%
[13:15:42] [Server thread/INFO]: Preparing start region for level 1 (Seed: 7563189628554396294)
[13:15:43] [Server thread/INFO]: Preparing spawn area: 45%
[13:15:43] [Server thread/INFO]: Preparing start region for level 2 (Seed: 7563189628554396294)
[13:15:44] [Server thread/INFO]: Server permissions file permissions.yml is empty, ignoring it
[13:15:44] [Server thread/INFO]: Done (3.288s)! For help, type "help" or "?"
[13:15:44] [Server thread/INFO]: Starting GS4 status listener
[13:15:44] [Server thread/INFO]: Timings Reset
[13:15:44] [Query Listener #1/INFO]: Query running on localhost:25565
[13:15:50] [PaperSpigot Watchdog Thread/ERROR]: The server has stopped responding!
[13:15:50] [PaperSpigot Watchdog Thread/ERROR]: Please report this to PaperSpigot directly!
[13:15:50] [PaperSpigot Watchdog Thread/ERROR]: Be sure to include ALL relevant console errors and Minecraft crash reports
[13:15:50] [PaperSpigot Watchdog Thread/ERROR]: PaperSpigot version: git-PaperSpigot-445 (MC: 1.8.8)
[13:15:50] [PaperSpigot Watchdog Thread/ERROR]: ------------------------------
[13:15:50] [PaperSpigot Watchdog Thread/ERROR]: Server thread dump (Look for plugins here before reporting to PaperSpigot!):
[13:15:50] [PaperSpigot Watchdog Thread/ERROR]: ------------------------------
[13:15:50] [PaperSpigot Watchdog Thread/ERROR]: Current Thread: Server thread
[13:15:50] [PaperSpigot Watchdog Thread/ERROR]: 	PID: 28 | Suspended: false | Native: false | State: TIMED_WAITING
[13:15:50] [PaperSpigot Watchdog Thread/ERROR]: 	Stack:
[13:15:50] [PaperSpigot Watchdog Thread/ERROR]: 		java.base@21.0.5/java.lang.Thread.sleep0(Native Method)
[13:15:50] [PaperSpigot Watchdog Thread/ERROR]: 		java.base@21.0.5/java.lang.Thread.sleep(Thread.java:509)
[13:15:50] [PaperSpigot Watchdog Thread/ERROR]: 		app//net.minecraft.server.v1_8_R3.MinecraftServer.run(MinecraftServer.java:594)
[13:15:50] [PaperSpigot Watchdog Thread/ERROR]: 		java.base@21.0.5/java.lang.Thread.runWith(Thread.java:1596)
[13:15:50] [PaperSpigot Watchdog Thread/ERROR]: 		java.base@21.0.5/java.lang.Thread.run(Thread.java:1583)
[13:15:50] [PaperSpigot Watchdog Thread/ERROR]: ------------------------------
[13:15:50] [PaperSpigot Watchdog Thread/ERROR]: Entire Thread Dump:
[13:15:50] [PaperSpigot Watchdog Thread/ERROR]: ------------------------------
[13:15:50] [PaperSpigot Watchdog Thread/ERROR]: Current Thread: Reference Handler
[13:15:50] [PaperSpigot Watchdog Thread/ERROR]: 	PID: 9 | Suspended: false | Native: false | State: RUNNABLE
[13:15:50] [PaperSpigot Watchdog Thread/ERROR]: 	Stack:
[13:15:50] [PaperSpigot Watchdog Thread/ERROR]: 		java.base@21.0.5/java.lang.ref.Reference.waitForReferencePendingList(Native Method)
[13:15:50] [PaperSpigot Watchdog Thread/ERROR]: 		java.base@21.0.5/java.lang.ref.Reference.processPendingReferences(Reference.java:246)
[13:15:50] [PaperSpigot Watchdog Thread/ERROR]: 		java.base@21.0.5/java.lang.ref.Reference$ReferenceHandler.run(Reference.java:208)
[13:15:50] [PaperSpigot Watchdog Thread/ERROR]: ------------------------------
[13:15:50] [PaperSpigot Watchdog Thread/ERROR]: Current Thread: Finalizer
[13:15:50] [PaperSpigot Watchdog Thread/ERROR]: 	PID: 10 | Suspended: false | Native: false | State: WAITING
[13:15:50] [PaperSpigot Watchdog Thread/ERROR]: 	Stack:
[13:15:50] [PaperSpigot Watchdog Thread/ERROR]: 		java.base@21.0.5/java.lang.Object.wait0(Native Method)
[13:15:50] [PaperSpigot Watchdog Thread/ERROR]: 		java.base@21.0.5/java.lang.Object.wait(Object.java:366)
[13:15:50] [PaperSpigot Watchdog Thread/ERROR]: 		java.base@21.0.5/java.lang.Object.wait(Object.java:339)
[13:15:50] [PaperSpigot Watchdog Thread/ERROR]: 		java.base@21.0.5/java.lang.ref.NativeReferenceQueue.await(NativeReferenceQueue.java:48)
[13:15:50] [PaperSpigot Watchdog Thread/ERROR]: 		java.base@21.0.5/java.lang.ref.ReferenceQueue.remove0(ReferenceQueue.java:158)
[13:15:50] [PaperSpigot Watchdog Thread/ERROR]: 		java.base@21.0.5/java.lang.ref.NativeReferenceQueue.remove(NativeReferenceQueue.java:89)
[13:15:50] [PaperSpigot Watchdog Thread/ERROR]: 		java.base@21.0.5/java.lang.ref.Finalizer$FinalizerThread.run(Finalizer.java:173)
[13:15:50] [PaperSpigot Watchdog Thread/ERROR]: ------------------------------
[13:15:50] [PaperSpigot Watchdog Thread/ERROR]: Current Thread: Signal Dispatcher
[13:15:50] [PaperSpigot Watchdog Thread/ERROR]: 	PID: 11 | Suspended: false | Native: false | State: RUNNABLE
[13:15:50] [PaperSpigot Watchdog Thread/ERROR]: 	Stack:
[13:15:50] [PaperSpigot Watchdog Thread/ERROR]: ------------------------------
[13:15:50] [PaperSpigot Watchdog Thread/ERROR]: Current Thread: Notification Thread
[13:15:50] [PaperSpigot Watchdog Thread/ERROR]: 	PID: 16 | Suspended: false | Native: false | State: RUNNABLE
[13:15:50] [PaperSpigot Watchdog Thread/ERROR]: 	Stack:
[13:15:50] [PaperSpigot Watchdog Thread/ERROR]: ------------------------------
[13:15:50] [PaperSpigot Watchdog Thread/ERROR]: Current Thread: Common-Cleaner
[13:15:50] [PaperSpigot Watchdog Thread/ERROR]: 	PID: 17 | Suspended: false | Native: false | State: TIMED_WAITING
[13:15:50] [PaperSpigot Watchdog Thread/ERROR]: 	Stack:
[13:15:50] [PaperSpigot Watchdog Thread/ERROR]: 		java.base@21.0.5/jdk.internal.misc.Unsafe.park(Native Method)
[13:15:50] [PaperSpigot Watchdog Thread/ERROR]: 		java.base@21.0.5/java.util.concurrent.locks.LockSupport.parkNanos(LockSupport.java:269)
[13:15:50] [PaperSpigot Watchdog Thread/ERROR]: 		java.base@21.0.5/java.util.concurrent.locks.AbstractQueuedSynchronizer$ConditionObject.await(AbstractQueuedSynchronizer.java:1852)
[13:15:50] [PaperSpigot Watchdog Thread/ERROR]: 		java.base@21.0.5/java.lang.ref.ReferenceQueue.await(ReferenceQueue.java:71)
[13:15:50] [PaperSpigot Watchdog Thread/ERROR]: 		java.base@21.0.5/java.lang.ref.ReferenceQueue.remove0(ReferenceQueue.java:143)
[13:15:50] [PaperSpigot Watchdog Thread/ERROR]: 		java.base@21.0.5/java.lang.ref.ReferenceQueue.remove(ReferenceQueue.java:218)
[13:15:50] [PaperSpigot Watchdog Thread/ERROR]: 		java.base@21.0.5/jdk.internal.ref.CleanerImpl.run(CleanerImpl.java:140)
[13:15:50] [PaperSpigot Watchdog Thread/ERROR]: 		java.base@21.0.5/java.lang.Thread.runWith(Thread.java:1596)
[13:15:50] [PaperSpigot Watchdog Thread/ERROR]: 		java.base@21.0.5/java.lang.Thread.run(Thread.java:1583)
[13:15:50] [PaperSpigot Watchdog Thread/ERROR]: 		java.base@21.0.5/jdk.internal.misc.InnocuousThread.run(InnocuousThread.java:186)
[13:15:50] [PaperSpigot Watchdog Thread/ERROR]: ------------------------------
[13:15:50] [PaperSpigot Watchdog Thread/ERROR]: Current Thread: process reaper
[13:15:50] [PaperSpigot Watchdog Thread/ERROR]: 	PID: 19 | Suspended: false | Native: false | State: RUNNABLE
[13:15:50] [PaperSpigot Watchdog Thread/ERROR]: 	Stack:
[13:15:50] [PaperSpigot Watchdog Thread/ERROR]: 		java.base@21.0.5/java.lang.ProcessHandleImpl.waitForProcessExit0(Native Method)
[13:15:50] [PaperSpigot Watchdog Thread/ERROR]: 		java.base@21.0.5/java.lang.ProcessHandleImpl$1.run(ProcessHandleImpl.java:163)
[13:15:50] [PaperSpigot Watchdog Thread/ERROR]: 		java.base@21.0.5/java.util.concurrent.ThreadPoolExecutor.runWorker(ThreadPoolExecutor.java:1144)
[13:15:50] [PaperSpigot Watchdog Thread/ERROR]: 		java.base@21.0.5/java.util.concurrent.ThreadPoolExecutor$Worker.run(ThreadPoolExecutor.java:642)
[13:15:50] [PaperSpigot Watchdog Thread/ERROR]: 		java.base@21.0.5/java.lang.Thread.runWith(Thread.java:1596)
[13:15:50] [PaperSpigot Watchdog Thread/ERROR]: 		java.base@21.0.5/java.lang.Thread.run(Thread.java:1583)
[13:15:50] [PaperSpigot Watchdog Thread/ERROR]: 		java.base@21.0.5/jdk.internal.misc.InnocuousThread.run(InnocuousThread.java:186)
[13:15:50] [PaperSpigot Watchdog Thread/ERROR]: ------------------------------
[13:15:50] [PaperSpigot Watchdog Thread/ERROR]: Current Thread: Snooper Timer
[13:15:50] [PaperSpigot Watchdog Thread/ERROR]: 	PID: 24 | Suspended: false | Native: false | State: TIMED_WAITING
[13:15:50] [PaperSpigot Watchdog Thread/ERROR]: 	Stack:
[13:15:50] [PaperSpigot Watchdog Thread/ERROR]: 		java.base@21.0.5/java.lang.Object.wait0(Native Method)
[13:15:50] [PaperSpigot Watchdog Thread/ERROR]: 		java.base@21.0.5/java.lang.Object.wait(Object.java:366)
[13:15:50] [PaperSpigot Watchdog Thread/ERROR]: 		java.base@21.0.5/java.util.TimerThread.mainLoop(Timer.java:563)
[13:15:50] [PaperSpigot Watchdog Thread/ERROR]: 		java.base@21.0.5/java.util.TimerThread.run(Timer.java:516)
[13:15:50] [PaperSpigot Watchdog Thread/ERROR]: ------------------------------
[13:15:50] [PaperSpigot Watchdog Thread/ERROR]: Current Thread: NonBlockingInputStreamThread
[13:15:50] [PaperSpigot Watchdog Thread/ERROR]: 	PID: 26 | Suspended: false | Native: false | State: WAITING
[13:15:50] [PaperSpigot Watchdog Thread/ERROR]: 	Stack:
[13:15:50] [PaperSpigot Watchdog Thread/ERROR]: 		java.base@21.0.5/java.lang.Object.wait0(Native Method)
[13:15:50] [PaperSpigot Watchdog Thread/ERROR]: 		java.base@21.0.5/java.lang.Object.wait(Object.java:366)
[13:15:50] [PaperSpigot Watchdog Thread/ERROR]: 		app//org.bukkit.craftbukkit.libs.jline.internal.NonBlockingInputStream.run(NonBlockingInputStream.java:278)
[13:15:50] [PaperSpigot Watchdog Thread/ERROR]: 		java.base@21.0.5/java.lang.Thread.runWith(Thread.java:1596)
[13:15:50] [PaperSpigot Watchdog Thread/ERROR]: 		java.base@21.0.5/java.lang.Thread.run(Thread.java:1583)
[13:15:50] [PaperSpigot Watchdog Thread/ERROR]: ------------------------------
[13:15:50] [PaperSpigot Watchdog Thread/ERROR]: Current Thread: Server Infinisleeper
[13:15:50] [PaperSpigot Watchdog Thread/ERROR]: 	PID: 29 | Suspended: false | Native: false | State: TIMED_WAITING
[13:15:50] [PaperSpigot Watchdog Thread/ERROR]: 	Stack:
[13:15:50] [PaperSpigot Watchdog Thread/ERROR]: 		java.base@21.0.5/java.lang.Thread.sleep0(Native Method)
[13:15:50] [PaperSpigot Watchdog Thread/ERROR]: 		java.base@21.0.5/java.lang.Thread.sleep(Thread.java:509)
[13:15:50] [PaperSpigot Watchdog Thread/ERROR]: 		app//net.minecraft.server.v1_8_R3.DedicatedServer$1.run(DedicatedServer.java:54)
[13:15:50] [PaperSpigot Watchdog Thread/ERROR]: ------------------------------
[13:15:50] [PaperSpigot Watchdog Thread/ERROR]: Current Thread: Server thread
[13:15:50] [PaperSpigot Watchdog Thread/ERROR]: 	PID: 28 | Suspended: false | Native: false | State: TIMED_WAITING
[13:15:50] [PaperSpigot Watchdog Thread/ERROR]: 	Stack:
[13:15:50] [PaperSpigot Watchdog Thread/ERROR]: 		java.base@21.0.5/java.lang.Thread.sleep0(Native Method)
[13:15:50] [PaperSpigot Watchdog Thread/ERROR]: 		java.base@21.0.5/java.lang.Thread.sleep(Thread.java:509)
[13:15:50] [PaperSpigot Watchdog Thread/ERROR]: 		app//net.minecraft.server.v1_8_R3.MinecraftServer.run(MinecraftServer.java:594)
[13:15:50] [PaperSpigot Watchdog Thread/ERROR]: 		java.base@21.0.5/java.lang.Thread.runWith(Thread.java:1596)
[13:15:50] [PaperSpigot Watchdog Thread/ERROR]: 		java.base@21.0.5/java.lang.Thread.run(Thread.java:1583)
[13:15:50] [PaperSpigot Watchdog Thread/ERROR]: ------------------------------
[13:15:50] [PaperSpigot Watchdog Thread/ERROR]: Current Thread: DestroyJavaVM
[13:15:50] [PaperSpigot Watchdog Thread/ERROR]: 	PID: 30 | Suspended: false | Native: false | State: RUNNABLE
[13:15:50] [PaperSpigot Watchdog Thread/ERROR]: 	Stack:
[13:15:50] [PaperSpigot Watchdog Thread/ERROR]: ------------------------------
[13:15:50] [PaperSpigot Watchdog Thread/ERROR]: Current Thread: Thread-3
[13:15:50] [PaperSpigot Watchdog Thread/ERROR]: 	PID: 32 | Suspended: false | Native: false | State: RUNNABLE
[13:15:50] [PaperSpigot Watchdog Thread/ERROR]: 	Thread is waiting on monitor(s):
[13:15:50] [PaperSpigot Watchdog Thread/ERROR]: 		Locked on:java.base@21.0.5/java.io.BufferedInputStream.read(BufferedInputStream.java:318)
[13:15:50] [PaperSpigot Watchdog Thread/ERROR]: 	Stack:
[13:15:50] [PaperSpigot Watchdog Thread/ERROR]: 		java.base@21.0.5/java.io.FileInputStream.readBytes(Native Method)
[13:15:50] [PaperSpigot Watchdog Thread/ERROR]: 		java.base@21.0.5/java.io.FileInputStream.read(FileInputStream.java:287)
[13:15:50] [PaperSpigot Watchdog Thread/ERROR]: 		java.base@21.0.5/java.io.BufferedInputStream.fill(BufferedInputStream.java:291)
[13:15:50] [PaperSpigot Watchdog Thread/ERROR]: 		java.base@21.0.5/java.io.BufferedInputStream.implRead(BufferedInputStream.java:325)
[13:15:50] [PaperSpigot Watchdog Thread/ERROR]: 		java.base@21.0.5/java.io.BufferedInputStream.read(BufferedInputStream.java:318)
[13:15:50] [PaperSpigot Watchdog Thread/ERROR]: 		app//org.bukkit.craftbukkit.libs.jline.internal.TerminalLineSettings.exec(TerminalLineSettings.java:204)
[13:15:50] [PaperSpigot Watchdog Thread/ERROR]: 		app//org.bukkit.craftbukkit.libs.jline.internal.TerminalLineSettings.exec(TerminalLineSettings.java:186)
[13:15:50] [PaperSpigot Watchdog Thread/ERROR]: 		app//org.bukkit.craftbukkit.libs.jline.internal.TerminalLineSettings.stty(TerminalLineSettings.java:181)
[13:15:50] [PaperSpigot Watchdog Thread/ERROR]: 		app//org.bukkit.craftbukkit.libs.jline.internal.TerminalLineSettings.get(TerminalLineSettings.java:74)
[13:15:50] [PaperSpigot Watchdog Thread/ERROR]: 		app//org.bukkit.craftbukkit.libs.jline.internal.TerminalLineSettings.getProperty(TerminalLineSettings.java:95)
[13:15:50] [PaperSpigot Watchdog Thread/ERROR]: 		app//org.bukkit.craftbukkit.libs.jline.UnixTerminal.getWidth(UnixTerminal.java:76)
[13:15:50] [PaperSpigot Watchdog Thread/ERROR]: 		app//org.bukkit.craftbukkit.libs.jline.console.ConsoleReader.drawBuffer(ConsoleReader.java:879)
[13:15:50] [PaperSpigot Watchdog Thread/ERROR]: 		app//org.bukkit.craftbukkit.libs.jline.console.ConsoleReader.drawBuffer(ConsoleReader.java:898)
[13:15:50] [PaperSpigot Watchdog Thread/ERROR]: 		app//org.bukkit.craftbukkit.libs.jline.console.ConsoleReader.drawLine(ConsoleReader.java:608)
[13:15:50] [PaperSpigot Watchdog Thread/ERROR]: 		app//org.bukkit.craftbukkit.v1_8_R3.util.TerminalConsoleWriterThread.run(TerminalConsoleWriterThread.java:38)
[13:15:50] [PaperSpigot Watchdog Thread/ERROR]: 		java.base@21.0.5/java.lang.Thread.runWith(Thread.java:1596)
[13:15:50] [PaperSpigot Watchdog Thread/ERROR]: 		java.base@21.0.5/java.lang.Thread.run(Thread.java:1583)
[13:15:50] [PaperSpigot Watchdog Thread/ERROR]: ------------------------------
[13:15:50] [PaperSpigot Watchdog Thread/ERROR]: Current Thread: Server console handler
[13:15:50] [PaperSpigot Watchdog Thread/ERROR]: 	PID: 31 | Suspended: false | Native: true | State: RUNNABLE
[13:15:50] [PaperSpigot Watchdog Thread/ERROR]: 	Thread is waiting on monitor(s):
[13:15:50] [PaperSpigot Watchdog Thread/ERROR]: 		Locked on:app//org.bukkit.craftbukkit.libs.jline.internal.NonBlockingInputStream.read(NonBlockingInputStream.java:169)
[13:15:50] [PaperSpigot Watchdog Thread/ERROR]: 		Locked on:app//org.bukkit.craftbukkit.libs.jline.internal.InputStreamReader.read(InputStreamReader.java:261)
[13:15:50] [PaperSpigot Watchdog Thread/ERROR]: 		Locked on:app//org.bukkit.craftbukkit.libs.jline.internal.InputStreamReader.read(InputStreamReader.java:198)
[13:15:50] [PaperSpigot Watchdog Thread/ERROR]: 	Stack:
[13:15:50] [PaperSpigot Watchdog Thread/ERROR]: 		java.base@21.0.5/java.io.FileInputStream.readBytes(Native Method)
[13:15:50] [PaperSpigot Watchdog Thread/ERROR]: 		java.base@21.0.5/java.io.FileInputStream.read(FileInputStream.java:287)
[13:15:50] [PaperSpigot Watchdog Thread/ERROR]: 		java.base@21.0.5/java.io.BufferedInputStream.fill(BufferedInputStream.java:291)
[13:15:50] [PaperSpigot Watchdog Thread/ERROR]: 		java.base@21.0.5/java.io.BufferedInputStream.implRead(BufferedInputStream.java:325)
[13:15:50] [PaperSpigot Watchdog Thread/ERROR]: 		java.base@21.0.5/java.io.BufferedInputStream.read(BufferedInputStream.java:312)
[13:15:50] [PaperSpigot Watchdog Thread/ERROR]: 		app//org.bukkit.craftbukkit.libs.jline.internal.NonBlockingInputStream.read(NonBlockingInputStream.java:169)
[13:15:50] [PaperSpigot Watchdog Thread/ERROR]: 		app//org.bukkit.craftbukkit.libs.jline.internal.NonBlockingInputStream.read(NonBlockingInputStream.java:137)
[13:15:50] [PaperSpigot Watchdog Thread/ERROR]: 		app//org.bukkit.craftbukkit.libs.jline.internal.NonBlockingInputStream.read(NonBlockingInputStream.java:246)
[13:15:50] [PaperSpigot Watchdog Thread/ERROR]: 		app//org.bukkit.craftbukkit.libs.jline.internal.InputStreamReader.read(InputStreamReader.java:261)
[13:15:50] [PaperSpigot Watchdog Thread/ERROR]: 		app//org.bukkit.craftbukkit.libs.jline.internal.InputStreamReader.read(InputStreamReader.java:198)
[13:15:50] [PaperSpigot Watchdog Thread/ERROR]: 		app//org.bukkit.craftbukkit.libs.jline.console.ConsoleReader.readCharacter(ConsoleReader.java:2145)
[13:15:50] [PaperSpigot Watchdog Thread/ERROR]: 		app//org.bukkit.craftbukkit.libs.jline.console.ConsoleReader.readLine(ConsoleReader.java:2349)
[13:15:50] [PaperSpigot Watchdog Thread/ERROR]: 		app//net.minecraft.server.v1_8_R3.DedicatedServer$2.run(DedicatedServer.java:79)
[13:15:50] [PaperSpigot Watchdog Thread/ERROR]: ------------------------------
[13:15:50] [PaperSpigot Watchdog Thread/ERROR]: Current Thread: PaperSpigot Watchdog Thread
[13:15:50] [PaperSpigot Watchdog Thread/ERROR]: 	PID: 33 | Suspended: false | Native: false | State: RUNNABLE
[13:15:50] [PaperSpigot Watchdog Thread/ERROR]: 	Stack:
[13:15:50] [PaperSpigot Watchdog Thread/ERROR]: 		java.management@21.0.5/sun.management.ThreadImpl.dumpThreads0(Native Method)
[13:15:50] [PaperSpigot Watchdog Thread/ERROR]: 		java.management@21.0.5/sun.management.ThreadImpl.dumpAllThreads(ThreadImpl.java:518)
[13:15:50] [PaperSpigot Watchdog Thread/ERROR]: 		java.management@21.0.5/sun.management.ThreadImpl.dumpAllThreads(ThreadImpl.java:506)
[13:15:50] [PaperSpigot Watchdog Thread/ERROR]: 		app//org.spigotmc.WatchdogThread.run(WatchdogThread.java:76)
[13:15:50] [PaperSpigot Watchdog Thread/ERROR]: ------------------------------
[13:15:50] [PaperSpigot Watchdog Thread/ERROR]: Current Thread: Spigot Metrics Thread
[13:15:50] [PaperSpigot Watchdog Thread/ERROR]: 	PID: 34 | Suspended: false | Native: false | State: TIMED_WAITING
[13:15:50] [PaperSpigot Watchdog Thread/ERROR]: 	Stack:
[13:15:50] [PaperSpigot Watchdog Thread/ERROR]: 		java.base@21.0.5/java.lang.Object.wait0(Native Method)
[13:15:50] [PaperSpigot Watchdog Thread/ERROR]: 		java.base@21.0.5/java.lang.Object.wait(Object.java:366)
[13:15:50] [PaperSpigot Watchdog Thread/ERROR]: 		java.base@21.0.5/java.util.TimerThread.mainLoop(Timer.java:563)
[13:15:50] [PaperSpigot Watchdog Thread/ERROR]: 		java.base@21.0.5/java.util.TimerThread.run(Timer.java:516)
[13:15:50] [PaperSpigot Watchdog Thread/ERROR]: ------------------------------
[13:15:50] [PaperSpigot Watchdog Thread/ERROR]: Current Thread: Netty Server IO #0
[13:15:50] [PaperSpigot Watchdog Thread/ERROR]: 	PID: 35 | Suspended: false | Native: true | State: RUNNABLE
[13:15:50] [PaperSpigot Watchdog Thread/ERROR]: 	Thread is waiting on monitor(s):
[13:15:50] [PaperSpigot Watchdog Thread/ERROR]: 		Locked on:java.base@21.0.5/sun.nio.ch.SelectorImpl.lockAndDoSelect(SelectorImpl.java:130)
[13:15:50] [PaperSpigot Watchdog Thread/ERROR]: 		Locked on:java.base@21.0.5/sun.nio.ch.SelectorImpl.lockAndDoSelect(SelectorImpl.java:130)
[13:15:50] [PaperSpigot Watchdog Thread/ERROR]: 	Stack:
[13:15:50] [PaperSpigot Watchdog Thread/ERROR]: 		java.base@21.0.5/sun.nio.ch.EPoll.wait(Native Method)
[13:15:50] [PaperSpigot Watchdog Thread/ERROR]: 		java.base@21.0.5/sun.nio.ch.EPollSelectorImpl.doSelect(EPollSelectorImpl.java:121)
[13:15:50] [PaperSpigot Watchdog Thread/ERROR]: 		java.base@21.0.5/sun.nio.ch.SelectorImpl.lockAndDoSelect(SelectorImpl.java:130)
[13:15:50] [PaperSpigot Watchdog Thread/ERROR]: 		java.base@21.0.5/sun.nio.ch.SelectorImpl.select(SelectorImpl.java:142)
[13:15:50] [PaperSpigot Watchdog Thread/ERROR]: 		app//io.netty.channel.nio.NioEventLoop.select(NioEventLoop.java:622)
[13:15:50] [PaperSpigot Watchdog Thread/ERROR]: 		app//io.netty.channel.nio.NioEventLoop.run(NioEventLoop.java:310)
[13:15:50] [PaperSpigot Watchdog Thread/ERROR]: 		app//io.netty.util.concurrent.SingleThreadEventExecutor$2.run(SingleThreadEventExecutor.java:116)
[13:15:50] [PaperSpigot Watchdog Thread/ERROR]: 		java.base@21.0.5/java.lang.Thread.runWith(Thread.java:1596)
[13:15:50] [PaperSpigot Watchdog Thread/ERROR]: 		java.base@21.0.5/java.lang.Thread.run(Thread.java:1583)
[13:15:50] [PaperSpigot Watchdog Thread/ERROR]: ------------------------------
[13:15:50] [PaperSpigot Watchdog Thread/ERROR]: Current Thread: Query Listener #1
[13:15:50] [PaperSpigot Watchdog Thread/ERROR]: 	PID: 40 | Suspended: false | Native: true | State: RUNNABLE
[13:15:50] [PaperSpigot Watchdog Thread/ERROR]: 	Stack:
[13:15:50] [PaperSpigot Watchdog Thread/ERROR]: 		java.base@21.0.5/sun.nio.ch.Net.poll(Native Method)
[13:15:50] [PaperSpigot Watchdog Thread/ERROR]: 		java.base@21.0.5/sun.nio.ch.DatagramChannelImpl.park(DatagramChannelImpl.java:511)
[13:15:50] [PaperSpigot Watchdog Thread/ERROR]: 		java.base@21.0.5/sun.nio.ch.DatagramChannelImpl.tryBlockingReceive(DatagramChannelImpl.java:762)
[13:15:50] [PaperSpigot Watchdog Thread/ERROR]: 		java.base@21.0.5/sun.nio.ch.DatagramChannelImpl.blockingReceive(DatagramChannelImpl.java:692)
[13:15:50] [PaperSpigot Watchdog Thread/ERROR]: 		java.base@21.0.5/sun.nio.ch.DatagramSocketAdaptor.receive(DatagramSocketAdaptor.java:204)
[13:15:50] [PaperSpigot Watchdog Thread/ERROR]: 		java.base@21.0.5/java.net.DatagramSocket.receive(DatagramSocket.java:714)
[13:15:50] [PaperSpigot Watchdog Thread/ERROR]: 		app//net.minecraft.server.v1_8_R3.RemoteStatusListener.run(SourceFile:261)
[13:15:50] [PaperSpigot Watchdog Thread/ERROR]: 		java.base@21.0.5/java.lang.Thread.runWith(Thread.java:1596)
[13:15:50] [PaperSpigot Watchdog Thread/ERROR]: 		java.base@21.0.5/java.lang.Thread.run(Thread.java:1583)
[13:15:50] [PaperSpigot Watchdog Thread/ERROR]: ------------------------------
